Build started 20/04/2015 17:43:18.
     1>Project "E:\Work\DSCProject\DSCMasterApplication\DSCMasterApplication\DSCMasterApplication.vcxproj" on node 2 (Build target(s)).
     1>Build:
         "C:\Program Files (x86)\Sysprogs\VisualGDB\\VisualGDB.exe" /build "E:\Work\DSCProject\DSCMasterApplication\DSCMasterApplication\DSCMasterApplication.vcxproj" "/solution:E:\Work\DSCProject\DSCMasterApplication\DSCMasterApplication.sln" "/config:Debug" "/platform:ARM"
         VisualGDB: Run "C:\SysGCC\raspberry\Qt\v4\qmake.exe  DSCMasterApplication.pro CONFIGNAME=Debug" in directory "E:\Work\DSCProject\DSCMasterApplication\DSCMasterApplication" on local computer
         VisualGDB: Run "cmd.exe /c "C:\SysGCC\raspberry\bin\make.exe"" in directory "E:\Work\DSCProject\DSCMasterApplication\DSCMasterApplication" on local computer
         C:/SysGCC/raspberry/bin/arm-linux-gnueabihf-g++.exe -c -pipe -Wno-psabi -g -Wall -W -D_REENTRANT -DQT_WEBKIT -DQT_WEBKIT -DQT_GUI_LIB -DQT_CORE_LIB -Ic:/sysgcc/raspberry/arm-linux-gnueabihf/sysroot/usr/share/qt4/mkspecs/arm-linux-gnueabihf -I. -Ic:/sysgcc/raspberry/arm-linux-gnueabihf/sysroot/usr/include/qt4/QtCore -Ic:/sysgcc/raspberry/arm-linux-gnueabihf/sysroot/usr/include/qt4/QtGui -Ic:/sysgcc/raspberry/arm-linux-gnueabihf/sysroot/usr/include/qt4 -IDebug -IDebug -o Debug/DSCMasterApplication.o DSCMasterApplication.cpp
         C:/SysGCC/raspberry/bin/arm-linux-gnueabihf-g++.exe  -o Debug/DSCMasterApplication Debug/DSCMasterApplication.o Debug/MainWindow.o Debug/moc_MainWindow.o    -Lc:/sysgcc/raspberry/arm-linux-gnueabihf/sysroot/usr/lib -llibboost_system -lQtGui -lQtCore -lpthread 
         c:/sysgcc/raspberry/bin/../lib/gcc/arm-linux-gnueabihf/4.9/../../../../arm-linux-gnueabihf/bin/ld.exe: cannot find -llibboost_system
     1>collect2.exe : error : ld returned 1 exit status
         make: *** [Debug/DSCMasterApplication] Error 1
         -------------------------------------------------------------
         Command exited with code 2
         Executable: cmd.exe
         Arguments: /c "C:\SysGCC\raspberry\bin\make.exe"
         Directory: E:\Work\DSCProject\DSCMasterApplication\DSCMasterApplication
     1>VisualGDB : error : Command-line action failed
     1>EXEC : error : Build has failed. See the Output window for more details.
     1>C:\Program Files (x86)\MSBuild\Microsoft.Cpp\v4.0\V120\Microsoft.MakeFile.Targets(38,5): error MSB3073: The command ""C:\Program Files (x86)\Sysprogs\VisualGDB\\VisualGDB.exe" /build "E:\Work\DSCProject\DSCMasterApplication\DSCMasterApplication\DSCMasterApplication.vcxproj" "/solution:E:\Work\DSCProject\DSCMasterApplication\DSCMasterApplication.sln" "/config:Debug" "/platform:ARM"" exited with code 1.
     1>Done Building Project "E:\Work\DSCProject\DSCMasterApplication\DSCMasterApplication\DSCMasterApplication.vcxproj" (Build target(s)) -- FAILED.

Build FAILED.

Time Elapsed 00:00:01.50
